2 = 10
3 = 11
4 = 100
5 = 101
6 = 110
7 = 111
8 = 1000
9 = 1001
11 = 1011
22 = 10110
33 = 100001
44 = 101100
55 = 110111
66 = 1000010
77 = 1001101
88 = 1011000
99 = 1100011
101 = 1100101
111 = 1101111
121 = 1111001
131 = 10000011
141 = 10001101
151 = 10010111
161 = 10100001
171 = 10101011
181 = 10110101
191 = 10111111
202 = 11001010
212 = 11010100
222 = 11011110
232 = 11101000
242 = 11110010
252 = 11111100
262 = 100000110
272 = 100010000
282 = 100011010
292 = 100100100
303 = 100101111
313 = 100111001
323 = 101000011
333 = 101001101
343 = 101010111
353 = 101100001
363 = 101101011
373 = 101110101
383 = 101111111
393 = 110001001
404 = 110010100
414 = 110011110
424 = 110101000
434 = 110110010
444 = 110111100
454 = 111000110
464 = 111010000
474 = 111011010
484 = 111100100
494 = 111101110
505 = 111111001
515 = 1000000011
525 = 1000001101
535 = 1000010111
545 = 1000100001
555 = 1000101011
565 = 1000110101
575 = 1000111111
585 = 1001001001
595 = 1001010011
606 = 1001011110
616 = 1001101000
626 = 1001110010
636 = 1001111100
646 = 1010000110
656 = 1010010000
666 = 1010011010
676 = 1010100100
686 = 1010101110
696 = 1010111000
707 = 1011000011
717 = 1011001101
727 = 1011010111
737 = 1011100001
747 = 1011101011
757 = 1011110101
767 = 1011111111
777 = 1100001001
787 = 1100010011
797 = 1100011101
808 = 1100101000
818 = 1100110010
828 = 1100111100
838 = 1101000110
848 = 1101010000
858 = 1101011010
868 = 1101100100
878 = 1101101110
888 = 1101111000
898 = 1110000010
909 = 1110001101
919 = 1110010111
929 = 1110100001
939 = 1110101011
949 = 1110110101
959 = 1110111111
969 = 1111001001
979 = 1111010011
989 = 1111011101
999 = 1111100111
1001 = 1111101001
1111 = 10001010111
1221 = 10011000101
1331 = 10100110011
1441 = 10110100001
1551 = 11000001111
1661 = 11001111101
1771 = 11011101011
1881 = 11101011001
1991 = 11111000111
2002 = 11111010010
2112 = 100001000000
2222 = 100010101110
2332 = 100100011100
2442 = 100110001010
2552 = 100111111000
2662 = 101001100110
2772 = 101011010100
2882 = 101101000010
2992 = 101110110000
3003 = 101110111011
3113 = 110000101001
3223 = 110010010111
3333 = 110100000101
3443 = 110101110011
3553 = 110111100001
3663 = 111001001111
3773 = 111010111101
3883 = 111100101011
3993 = 111110011001
4004 = 111110100100
4114 = 1000000010010
4224 = 1000010000000
4334 = 1000011101110
4444 = 1000101011100
4554 = 1000111001010
4664 = 1001000111000
4774 = 1001010100110
4884 = 1001100010100
4994 = 1001110000010
5005 = 1001110001101
5115 = 1001111111011
5225 = 1010001101001
5335 = 1010011010111
5445 = 1010101000101
5555 = 1010110110011
5665 = 1011000100001
5775 = 1011010001111
5885 = 1011011111101
5995 = 1011101101011
6006 = 1011101110110
6116 = 1011111100100
6226 = 1100001010010
6336 = 1100011000000
6446 = 1100100101110
6556 = 1100110011100
6666 = 1101000001010
6776 = 1101001111000
6886 = 1101011100110
6996 = 1101101010100
7007 = 1101101011111
7117 = 1101111001101
7227 = 1110000111011
7337 = 1110010101001
7447 = 1110100010111
7557 = 1110110000101
7667 = 1110111110011
7777 = 1111001100001
7887 = 1111011001111
7997 = 1111100111101
8008 = 1111101001000
8118 = 1111110110110
8228 = 10000000100100
8338 = 10000010010010
8448 = 10000100000000
8558 = 10000101101110
8668 = 10000111011100
8778 = 10001001001010
8888 = 10001010111000
8998 = 10001100100110
9009 = 10001100110001
9119 = 10001110011111
9229 = 10010000001101
9339 = 10010001111011
9449 = 10010011101001
9559 = 10010101010111
9669 = 10010111000101
9779 = 10011000110011
9889 = 10011010100001
9999 = 10011100001111
10001 = 10011100010001
10101 = 10011101110101
10201 = 10011111011001
10301 = 10100000111101
10401 = 10100010100001
10501 = 10100100000101
10601 = 10100101101001
10701 = 10100111001101
10801 = 10101000110001
10901 = 10101010010101
11011 = 10101100000011
11111 = 10101101100111
11211 = 10101111001011
11311 = 10110000101111
11411 = 10110010010011
11511 = 10110011110111
11611 = 10110101011011
11711 = 10110110111111
11811 = 10111000100011
11911 = 10111010000111
12021 = 10111011110101
12121 = 10111101011001
12221 = 10111110111101
12321 = 11000000100001
12421 = 11000010000101
12521 = 11000011101001
12621 = 11000101001101
12721 = 11000110110001
12821 = 11001000010101
12921 = 11001001111001
13031 = 11001011100111
13131 = 11001101001011
13231 = 11001110101111
13331 = 11010000010011
13431 = 11010001110111
13531 = 11010011011011
13631 = 11010100111111
13731 = 11010110100011
13831 = 11011000000111
13931 = 11011001101011
14041 = 11011011011001
14141 = 11011100111101
14241 = 11011110100001
14341 = 11100000000101
14441 = 11100001101001
14541 = 11100011001101
14641 = 11100100110001
14741 = 11100110010101
14841 = 11100111111001
14941 = 11101001011101
15051 = 11101011001011
15151 = 11101100101111
15251 = 11101110010011
15351 = 11101111110111
15451 = 11110001011011
15551 = 11110010111111
15651 = 11110100100011
15751 = 11110110000111
15851 = 11110111101011
15951 = 11111001001111
16061 = 11111010111101
16161 = 11111100100001
16261 = 11111110000101
16361 = 11111111101001
16461 = 100000001001101
16561 = 100000010110001
16661 = 100000100010101
16761 = 100000101111001
16861 = 100000111011101
16961 = 100001001000001
17071 = 100001010101111
17171 = 100001100010011
17271 = 100001101110111
17371 = 100001111011011
17471 = 100010000111111
17571 = 100010010100011
17671 = 100010100000111
17771 = 100010101101011
17871 = 100010111001111
17971 = 100011000110011
18081 = 100011010100001
18181 = 100011100000101
18281 = 100011101101001
18381 = 100011111001101
18481 = 100100000110001
18581 = 100100010010101
18681 = 100100011111001
18781 = 100100101011101
18881 = 100100111000001
18981 = 100101000100101
19091 = 100101010010011
19191 = 100101011110111
19291 = 100101101011011
19391 = 100101110111111
19491 = 100110000100011
19591 = 100110010000111
19691 = 100110011101011
19791 = 100110101001111
19891 = 100110110110011
19991 = 100111000010111
20002 = 100111000100010
20102 = 100111010000110
20202 = 100111011101010
20302 = 100111101001110
20402 = 100111110110010
20502 = 101000000010110
20602 = 101000001111010
20702 = 101000011011110
20802 = 101000101000010
20902 = 101000110100110
21012 = 101001000010100
21112 = 101001001111000
21212 = 101001011011100
21312 = 101001101000000
21412 = 101001110100100
21512 = 101010000001000
21612 = 101010001101100
21712 = 101010011010000
21812 = 101010100110100
21912 = 101010110011000
22022 = 101011000000110
22122 = 101011001101010
22222 = 101011011001110
22322 = 101011100110010
22422 = 101011110010110
22522 = 101011111111010
22622 = 101100001011110
22722 = 101100011000010
22822 = 101100100100110
22922 = 101100110001010
23032 = 101100111111000
23132 = 101101001011100
23232 = 101101011000000
23332 = 101101100100100
23432 = 101101110001000
23532 = 101101111101100
23632 = 101110001010000
23732 = 101110010110100
23832 = 101110100011000
23932 = 101110101111100
24042 = 101110111101010
24142 = 101111001001110
24242 = 101111010110010
24342 = 101111100010110
24442 = 101111101111010
24542 = 101111111011110
24642 = 110000001000010
24742 = 110000010100110
24842 = 110000100001010
24942 = 110000101101110
25052 = 110000111011100
25152 = 110001001000000
25252 = 110001010100100
25352 = 110001100001000
25452 = 110001101101100
25552 = 110001111010000
25652 = 110010000110100
25752 = 110010010011000
25852 = 110010011111100
25952 = 110010101100000
26062 = 110010111001110
26162 = 110011000110010
26262 = 110011010010110
26362 = 110011011111010
26462 = 110011101011110
26562 = 110011111000010
26662 = 110100000100110
26762 = 110100010001010
26862 = 110100011101110
26962 = 110100101010010
27072 = 110100111000000
27172 = 110101000100100
27272 = 110101010001000
27372 = 110101011101100
27472 = 110101101010000
27572 = 110101110110100
27672 = 110110000011000
27772 = 110110001111100
27872 = 110110011100000
27972 = 110110101000100
28082 = 110110110110010
28182 = 110111000010110
28282 = 110111001111010
28382 = 110111011011110
28482 = 110111101000010
28582 = 110111110100110
28682 = 111000000001010
28782 = 111000001101110
28882 = 111000011010010
28982 = 111000100110110
29092 = 111000110100100
29192 = 111001000001000
29292 = 111001001101100
29392 = 111001011010000
29492 = 111001100110100
29592 = 111001110011000
29692 = 111001111111100
29792 = 111010001100000
29892 = 111010011000100
29992 = 111010100101000
30003 = 111010100110011
30103 = 111010110010111
30203 = 111010111111011
30303 = 111011001011111
30403 = 111011011000011
30503 = 111011100100111
30603 = 111011110001011
30703 = 111011111101111
30803 = 111100001010011
30903 = 111100010110111
31013 = 111100100100101
31113 = 111100110001001
31213 = 111100111101101
31313 = 111101001010001
31413 = 111101010110101
31513 = 111101100011001
31613 = 111101101111101
31713 = 111101111100001
31813 = 111110001000101
31913 = 111110010101001
32023 = 111110100010111
32123 = 111110101111011
32223 = 111110111011111
32323 = 111111001000011
32423 = 111111010100111
32523 = 111111100001011
32623 = 111111101101111
32723 = 111111111010011
32823 = 1000000000110111
32923 = 1000000010011011
33033 = 1000000100001001
33133 = 1000000101101101
33233 = 1000000111010001
33333 = 1000001000110101
33433 = 1000001010011001
33533 = 1000001011111101
33633 = 1000001101100001
33733 = 1000001111000101
33833 = 1000010000101001
33933 = 1000010010001101
34043 = 1000010011111011
34143 = 1000010101011111
34243 = 1000010111000011
34343 = 1000011000100111
34443 = 1000011010001011
34543 = 1000011011101111
34643 = 1000011101010011
34743 = 1000011110110111
34843 = 1000100000011011
34943 = 1000100001111111
35053 = 1000100011101101
35153 = 1000100101010001
35253 = 1000100110110101
35353 = 1000101000011001
35453 = 1000101001111101
35553 = 1000101011100001
35653 = 1000101101000101
35753 = 1000101110101001
35853 = 1000110000001101
35953 = 1000110001110001
36063 = 1000110011011111
36163 = 1000110101000011
36263 = 1000110110100111
36363 = 1000111000001011
36463 = 1000111001101111
36563 = 1000111011010011
36663 = 1000111100110111
36763 = 1000111110011011
36863 = 1000111111111111
36963 = 1001000001100011
37073 = 1001000011010001
37173 = 1001000100110101
37273 = 1001000110011001
37373 = 1001000111111101
37473 = 1001001001100001
37573 = 1001001011000101
37673 = 1001001100101001
37773 = 1001001110001101
37873 = 1001001111110001
37973 = 1001010001010101
38083 = 1001010011000011
38183 = 1001010100100111
38283 = 1001010110001011
38383 = 1001010111101111
38483 = 1001011001010011
38583 = 1001011010110111
38683 = 1001011100011011
38783 = 1001011101111111
38883 = 1001011111100011
38983 = 1001100001000111
39093 = 1001100010110101
39193 = 1001100100011001
39293 = 1001100101111101
39393 = 1001100111100001
39493 = 1001101001000101
39593 = 1001101010101001
39693 = 1001101100001101
39793 = 1001101101110001
39893 = 1001101111010101
39993 = 1001110000111001
40004 = 1001110001000100
40104 = 1001110010101000
40204 = 1001110100001100
40304 = 1001110101110000
40404 = 1001110111010100
40504 = 1001111000111000
40604 = 1001111010011100
40704 = 1001111100000000
40804 = 1001111101100100
40904 = 1001111111001000
41014 = 1010000000110110
41114 = 1010000010011010
41214 = 1010000011111110
41314 = 1010000101100010
41414 = 1010000111000110
41514 = 1010001000101010
41614 = 1010001010001110
41714 = 1010001011110010
41814 = 1010001101010110
41914 = 1010001110111010
42024 = 1010010000101000
42124 = 1010010010001100
42224 = 1010010011110000
42324 = 1010010101010100
42424 = 1010010110111000
42524 = 1010011000011100
42624 = 1010011010000000
42724 = 1010011011100100
42824 = 1010011101001000
42924 = 1010011110101100
43034 = 1010100000011010
43134 = 1010100001111110
43234 = 1010100011100010
43334 = 1010100101000110
43434 = 1010100110101010
43534 = 1010101000001110
43634 = 1010101001110010
43734 = 1010101011010110
43834 = 1010101100111010
43934 = 1010101110011110
44044 = 1010110000001100
44144 = 1010110001110000
44244 = 1010110011010100
44344 = 1010110100111000
44444 = 1010110110011100
44544 = 1010111000000000
44644 = 1010111001100100
44744 = 1010111011001000
44844 = 1010111100101100
44944 = 1010111110010000
45054 = 1010111111111110
45154 = 1011000001100010
45254 = 1011000011000110
45354 = 1011000100101010
45454 = 1011000110001110
45554 = 1011000111110010
45654 = 1011001001010110
45754 = 1011001010111010
45854 = 1011001100011110
45954 = 1011001110000010
46064 = 1011001111110000
46164 = 1011010001010100
46264 = 1011010010111000
46364 = 1011010100011100
46464 = 1011010110000000
46564 = 1011010111100100
46664 = 1011011001001000
46764 = 1011011010101100
46864 = 1011011100010000
46964 = 1011011101110100
47074 = 1011011111100010
47174 = 1011100001000110
47274 = 1011100010101010
47374 = 1011100100001110
47474 = 1011100101110010
47574 = 1011100111010110
47674 = 1011101000111010
47774 = 1011101010011110
47874 = 1011101100000010
47974 = 1011101101100110
48084 = 1011101111010100
48184 = 1011110000111000
48284 = 1011110010011100
48384 = 1011110100000000
48484 = 1011110101100100
48584 = 1011110111001000
48684 = 1011111000101100
48784 = 1011111010010000
48884 = 1011111011110100
48984 = 1011111101011000
49094 = 1011111111000110
49194 = 1100000000101010
49294 = 1100000010001110
49394 = 1100000011110010
49494 = 1100000101010110
49594 = 1100000110111010
49694 = 1100001000011110
49794 = 1100001010000010
49894 = 1100001011100110
49994 = 1100001101001010
50005 = 1100001101010101
50105 = 1100001110111001
50205 = 1100010000011101
50305 = 1100010010000001
50405 = 1100010011100101
50505 = 1100010101001001
50605 = 1100010110101101
50705 = 1100011000010001
50805 = 1100011001110101
50905 = 1100011011011001
51015 = 1100011101000111
51115 = 1100011110101011
51215 = 1100100000001111
51315 = 1100100001110011
51415 = 1100100011010111
51515 = 1100100100111011
51615 = 1100100110011111
51715 = 1100101000000011
51815 = 1100101001100111
51915 = 1100101011001011
52025 = 1100101100111001
52125 = 1100101110011101
52225 = 1100110000000001
52325 = 1100110001100101
52425 = 1100110011001001
52525 = 1100110100101101
52625 = 1100110110010001
52725 = 1100110111110101
52825 = 1100111001011001
52925 = 1100111010111101
53035 = 1100111100101011
53135 = 1100111110001111
53235 = 1100111111110011
53335 = 1101000001010111
53435 = 1101000010111011
53535 = 1101000100011111
53635 = 1101000110000011
53735 = 1101000111100111
53835 = 1101001001001011
53935 = 1101001010101111
54045 = 1101001100011101
54145 = 1101001110000001
54245 = 1101001111100101
54345 = 1101010001001001
54445 = 1101010010101101
54545 = 1101010100010001
54645 = 1101010101110101
54745 = 1101010111011001
54845 = 1101011000111101
54945 = 1101011010100001
55055 = 1101011100001111
55155 = 1101011101110011
55255 = 1101011111010111
55355 = 1101100000111011
55455 = 1101100010011111
55555 = 1101100100000011
55655 = 1101100101100111
55755 = 1101100111001011
55855 = 1101101000101111
55955 = 1101101010010011
56065 = 1101101100000001
56165 = 1101101101100101
56265 = 1101101111001001
56365 = 1101110000101101
56465 = 1101110010010001
56565 = 1101110011110101
56665 = 1101110101011001
56765 = 1101110110111101
56865 = 1101111000100001
56965 = 1101111010000101
57075 = 1101111011110011
57175 = 1101111101010111
57275 = 1101111110111011
57375 = 1110000000011111
57475 = 1110000010000011
57575 = 1110000011100111
57675 = 1110000101001011
57775 = 1110000110101111
57875 = 1110001000010011
57975 = 1110001001110111
58085 = 1110001011100101
58185 = 1110001101001001
58285 = 1110001110101101
58385 = 1110010000010001
58485 = 1110010001110101
58585 = 1110010011011001
58685 = 1110010100111101
58785 = 1110010110100001
58885 = 1110011000000101
58985 = 1110011001101001
59095 = 1110011011010111
59195 = 1110011100111011
59295 = 1110011110011111
59395 = 1110100000000011
59495 = 1110100001100111
59595 = 1110100011001011
59695 = 1110100100101111
59795 = 1110100110010011
59895 = 1110100111110111
59995 = 1110101001011011
60006 = 1110101001100110
60106 = 1110101011001010
60206 = 1110101100101110
60306 = 1110101110010010
60406 = 1110101111110110
60506 = 1110110001011010
60606 = 1110110010111110
60706 = 1110110100100010
60806 = 1110110110000110
60906 = 1110110111101010
61016 = 1110111001011000
61116 = 1110111010111100
61216 = 1110111100100000
61316 = 1110111110000100
61416 = 1110111111101000
61516 = 1111000001001100
61616 = 1111000010110000
61716 = 1111000100010100
61816 = 1111000101111000
61916 = 1111000111011100
62026 = 1111001001001010
62126 = 1111001010101110
62226 = 1111001100010010
62326 = 1111001101110110
62426 = 1111001111011010
62526 = 1111010000111110
62626 = 1111010010100010
62726 = 1111010100000110
62826 = 1111010101101010
62926 = 1111010111001110
63036 = 1111011000111100
63136 = 1111011010100000
63236 = 1111011100000100
63336 = 1111011101101000
63436 = 1111011111001100
63536 = 1111100000110000
63636 = 1111100010010100
63736 = 1111100011111000
63836 = 1111100101011100
63936 = 1111100111000000
64046 = 1111101000101110
64146 = 1111101010010010
64246 = 1111101011110110
64346 = 1111101101011010
64446 = 1111101110111110
64546 = 1111110000100010
64646 = 1111110010000110
64746 = 1111110011101010
64846 = 1111110101001110
64946 = 1111110110110010
65056 = 1111111000100000
65156 = 1111111010000100
65256 = 1111111011101000
65356 = 1111111101001100
65456 = 1111111110110000
65556 = 10000000000010100
65656 = 10000000001111000
65756 = 10000000011011100
65856 = 10000000101000000
65956 = 10000000110100100
66066 = 10000001000010010
66166 = 10000001001110110
66266 = 10000001011011010
66366 = 10000001100111110
66466 = 10000001110100010
66566 = 10000010000000110
66666 = 10000010001101010
66766 = 10000010011001110
66866 = 10000010100110010
66966 = 10000010110010110
67076 = 10000011000000100
67176 = 10000011001101000
67276 = 10000011011001100
67376 = 10000011100110000
67476 = 10000011110010100
67576 = 10000011111111000
67676 = 10000100001011100
67776 = 10000100011000000
67876 = 10000100100100100
67976 = 10000100110001000
68086 = 10000100111110110
68186 = 10000101001011010
68286 = 10000101010111110
68386 = 10000101100100010
68486 = 10000101110000110
68586 = 10000101111101010
68686 = 10000110001001110
68786 = 10000110010110010
68886 = 10000110100010110
68986 = 10000110101111010
69096 = 10000110111101000
69196 = 10000111001001100
69296 = 10000111010110000
69396 = 10000111100010100
69496 = 10000111101111000
69596 = 10000111111011100
69696 = 10001000001000000
69796 = 10001000010100100
69896 = 10001000100001000
69996 = 10001000101101100
70007 = 10001000101110111
70107 = 10001000111011011
70207 = 10001001000111111
70307 = 10001001010100011
70407 = 10001001100000111
70507 = 10001001101101011
70607 = 10001001111001111
70707 = 10001010000110011
70807 = 10001010010010111
70907 = 10001010011111011
71017 = 10001010101101001
71117 = 10001010111001101
71217 = 10001011000110001
71317 = 10001011010010101
71417 = 10001011011111001
71517 = 10001011101011101
71617 = 10001011111000001
71717 = 10001100000100101
71817 = 10001100010001001
71917 = 10001100011101101
72027 = 10001100101011011
72127 = 10001100110111111
72227 = 10001101000100011
72327 = 10001101010000111
72427 = 10001101011101011
72527 = 10001101101001111
72627 = 10001101110110011
72727 = 10001110000010111
72827 = 10001110001111011
72927 = 10001110011011111
73037 = 10001110101001101
73137 = 10001110110110001
73237 = 10001111000010101
73337 = 10001111001111001
73437 = 10001111011011101
73537 = 10001111101000001
73637 = 10001111110100101
73737 = 10010000000001001
73837 = 10010000001101101
73937 = 10010000011010001
74047 = 10010000100111111
74147 = 10010000110100011
74247 = 10010001000000111
74347 = 10010001001101011
74447 = 10010001011001111
74547 = 10010001100110011
74647 = 10010001110010111
74747 = 10010001111111011
74847 = 10010010001011111
74947 = 10010010011000011
75057 = 10010010100110001
75157 = 10010010110010101
75257 = 10010010111111001
75357 = 10010011001011101
75457 = 10010011011000001
75557 = 10010011100100101
75657 = 10010011110001001
75757 = 10010011111101101
75857 = 10010100001010001
75957 = 10010100010110101
76067 = 10010100100100011
76167 = 10010100110000111
76267 = 10010100111101011
76367 = 10010101001001111
76467 = 10010101010110011
76567 = 10010101100010111
76667 = 10010101101111011
76767 = 10010101111011111
76867 = 10010110001000011
76967 = 10010110010100111
77077 = 10010110100010101
77177 = 10010110101111001
77277 = 10010110111011101
77377 = 10010111001000001
77477 = 10010111010100101
77577 = 10010111100001001
77677 = 10010111101101101
77777 = 10010111111010001
77877 = 10011000000110101
77977 = 10011000010011001
78087 = 10011000100000111
78187 = 10011000101101011
78287 = 10011000111001111
78387 = 10011001000110011
78487 = 10011001010010111
78587 = 10011001011111011
78687 = 10011001101011111
78787 = 10011001111000011
78887 = 10011010000100111
78987 = 10011010010001011
79097 = 10011010011111001
79197 = 10011010101011101
79297 = 10011010111000001
79397 = 10011011000100101
79497 = 10011011010001001
79597 = 10011011011101101
79697 = 10011011101010001
79797 = 10011011110110101
79897 = 10011100000011001
79997 = 10011100001111101
80008 = 10011100010001000
80108 = 10011100011101100
80208 = 10011100101010000
80308 = 10011100110110100
80408 = 10011101000011000
80508 = 10011101001111100
80608 = 10011101011100000
80708 = 10011101101000100
80808 = 10011101110101000
80908 = 10011110000001100
81018 = 10011110001111010
81118 = 10011110011011110
81218 = 10011110101000010
81318 = 10011110110100110
81418 = 10011111000001010
81518 = 10011111001101110
81618 = 10011111011010010
81718 = 10011111100110110
81818 = 10011111110011010
81918 = 10011111111111110
82028 = 10100000001101100
82128 = 10100000011010000
82228 = 10100000100110100
82328 = 10100000110011000
82428 = 10100000111111100
82528 = 10100001001100000
82628 = 10100001011000100
82728 = 10100001100101000
82828 = 10100001110001100
82928 = 10100001111110000
83038 = 10100010001011110
83138 = 10100010011000010
83238 = 10100010100100110
83338 = 10100010110001010
83438 = 10100010111101110
83538 = 10100011001010010
83638 = 10100011010110110
83738 = 10100011100011010
83838 = 10100011101111110
83938 = 10100011111100010
84048 = 10100100001010000
84148 = 10100100010110100
84248 = 10100100100011000
84348 = 10100100101111100
84448 = 10100100111100000
84548 = 10100101001000100
84648 = 10100101010101000
84748 = 10100101100001100
84848 = 10100101101110000
84948 = 10100101111010100
85058 = 10100110001000010
85158 = 10100110010100110
85258 = 10100110100001010
85358 = 10100110101101110
85458 = 10100110111010010
85558 = 10100111000110110
85658 = 10100111010011010
85758 = 10100111011111110
85858 = 10100111101100010
85958 = 10100111111000110
86068 = 10101000000110100
86168 = 10101000010011000
86268 = 10101000011111100
86368 = 10101000101100000
86468 = 10101000111000100
86568 = 10101001000101000
86668 = 10101001010001100
86768 = 10101001011110000
86868 = 10101001101010100
86968 = 10101001110111000
87078 = 10101010000100110
87178 = 10101010010001010
87278 = 10101010011101110
87378 = 10101010101010010
87478 = 10101010110110110
87578 = 10101011000011010
87678 = 10101011001111110
87778 = 10101011011100010
87878 = 10101011101000110
87978 = 10101011110101010
88088 = 10101100000011000
88188 = 10101100001111100
88288 = 10101100011100000
88388 = 10101100101000100
88488 = 10101100110101000
88588 = 10101101000001100
88688 = 10101101001110000
88788 = 10101101011010100
88888 = 10101101100111000
88988 = 10101101110011100
89098 = 10101110000001010
89198 = 10101110001101110
89298 = 10101110011010010
89398 = 10101110100110110
89498 = 10101110110011010
89598 = 10101110111111110
89698 = 10101111001100010
89798 = 10101111011000110
89898 = 10101111100101010
89998 = 10101111110001110
90009 = 10101111110011001
90109 = 10101111111111101
90209 = 10110000001100001
90309 = 10110000011000101
90409 = 10110000100101001
90509 = 10110000110001101
90609 = 10110000111110001
90709 = 10110001001010101
90809 = 10110001010111001
90909 = 10110001100011101
91019 = 10110001110001011
91119 = 10110001111101111
91219 = 10110010001010011
91319 = 10110010010110111
91419 = 10110010100011011
91519 = 10110010101111111
91619 = 10110010111100011
91719 = 10110011001000111
91819 = 10110011010101011
91919 = 10110011100001111
92029 = 10110011101111101
92129 = 10110011111100001
92229 = 10110100001000101
92329 = 10110100010101001
92429 = 10110100100001101
92529 = 10110100101110001
92629 = 10110100111010101
92729 = 10110101000111001
92829 = 10110101010011101
92929 = 10110101100000001
93039 = 10110101101101111
93139 = 10110101111010011
93239 = 10110110000110111
93339 = 10110110010011011
93439 = 10110110011111111
93539 = 10110110101100011
93639 = 10110110111000111
93739 = 10110111000101011
93839 = 10110111010001111
93939 = 10110111011110011
94049 = 10110111101100001
94149 = 10110111111000101
94249 = 10111000000101001
94349 = 10111000010001101
94449 = 10111000011110001
94549 = 10111000101010101
94649 = 10111000110111001
94749 = 10111001000011101
94849 = 10111001010000001
94949 = 10111001011100101
95059 = 10111001101010011
95159 = 10111001110110111
95259 = 10111010000011011
95359 = 10111010001111111
95459 = 10111010011100011
95559 = 10111010101000111
95659 = 10111010110101011
95759 = 10111011000001111
95859 = 10111011001110011
95959 = 10111011011010111
96069 = 10111011101000101
96169 = 10111011110101001
96269 = 10111100000001101
96369 = 10111100001110001
96469 = 10111100011010101
96569 = 10111100100111001
96669 = 10111100110011101
96769 = 10111101000000001
96869 = 10111101001100101
96969 = 10111101011001001
97079 = 10111101100110111
97179 = 10111101110011011
97279 = 10111101111111111
97379 = 10111110001100011
97479 = 10111110011000111
97579 = 10111110100101011
97679 = 10111110110001111
97779 = 10111110111110011
97879 = 10111111001010111
97979 = 10111111010111011
98089 = 10111111100101001
98189 = 10111111110001101
98289 = 10111111111110001
98389 = 11000000001010101
98489 = 11000000010111001
98589 = 11000000100011101
98689 = 11000000110000001
98789 = 11000000111100101
98889 = 11000001001001001
98989 = 11000001010101101
99099 = 11000001100011011
99199 = 11000001101111111
99299 = 11000001111100011
99399 = 11000010001000111
99499 = 11000010010101011
99599 = 11000010100001111
99699 = 11000010101110011
99799 = 11000010111010111
99899 = 11000011000111011
99999 = 11000011010011111
100001 = 11000011010100001
101101 = 11000101011101101
102201 = 11000111100111001
103301 = 11001001110000101
104401 = 11001011111010001
105501 = 11001110000011101
106601 = 11010000001101001
107701 = 11010010010110101
108801 = 11010100100000001
109901 = 11010110101001101
110011 = 11010110110111011
111111 = 11011001000000111
112211 = 11011011001010011
113311 = 11011101010011111
114411 = 11011111011101011
115511 = 11100001100110111
116611 = 11100011110000011
117711 = 11100101111001111
118811 = 11101000000011011
119911 = 11101010001100111
120021 = 11101010011010101
121121 = 11101100100100001
122221 = 11101110101101101
123321 = 11110000110111001
124421 = 11110011000000101
125521 = 11110101001010001
126621 = 11110111010011101
127721 = 11111001011101001
128821 = 11111011100110101
129921 = 11111101110000001
130031 = 11111101111101111
131131 = 100000000000111011
132231 = 100000010010000111
133331 = 100000100011010011
134431 = 100000110100011111
135531 = 100001000101101011
136631 = 100001010110110111
137731 = 100001101000000011
138831 = 100001111001001111
139931 = 100010001010011011
140041 = 100010001100001001
141141 = 100010011101010101
142241 = 100010101110100001
143341 = 100010111111101101
144441 = 100011010000111001
145541 = 100011100010000101
146641 = 100011110011010001
147741 = 100100000100011101
148841 = 100100010101101001
149941 = 100100100110110101
150051 = 100100101000100011
151151 = 100100111001101111
152251 = 100101001010111011
153351 = 100101011100000111
154451 = 100101101101010011
155551 = 100101111110011111
156651 = 100110001111101011
157751 = 100110100000110111
158851 = 100110110010000011
159951 = 100111000011001111
160061 = 100111000100111101
161161 = 100111010110001001
162261 = 100111100111010101
163361 = 100111111000100001
164461 = 101000001001101101
165561 = 101000011010111001
166661 = 101000101100000101
167761 = 101000111101010001
168861 = 101001001110011101
169961 = 101001011111101001
170071 = 101001100001010111
171171 = 101001110010100011
172271 = 101010000011101111
173371 = 101010010100111011
174471 = 101010100110000111
175571 = 101010110111010011
176671 = 101011001000011111
177771 = 101011011001101011
178871 = 101011101010110111
179971 = 101011111100000011
180081 = 101011111101110001
181181 = 101100001110111101
182281 = 101100100000001001
183381 = 101100110001010101
184481 = 101101000010100001
185581 = 101101010011101101
186681 = 101101100100111001
187781 = 101101110110000101
188881 = 101110000111010001
189981 = 101110011000011101
190091 = 101110011010001011
191191 = 101110101011010111
192291 = 101110111100100011
193391 = 101111001101101111
194491 = 101111011110111011
195591 = 101111110000000111
196691 = 110000000001010011
197791 = 110000010010011111
198891 = 110000100011101011
199991 = 110000110100110111
200002 = 110000110101000010
201102 = 110001000110001110
202202 = 110001010111011010
203302 = 110001101000100110
204402 = 110001111001110010
205502 = 110010001010111110
206602 = 110010011100001010
207702 = 110010101101010110
208802 = 110010111110100010
209902 = 110011001111101110
210012 = 110011010001011100
211112 = 110011100010101000
212212 = 110011110011110100
213312 = 110100000101000000
214412 = 110100010110001100
215512 = 110100100111011000
216612 = 110100111000100100
217712 = 110101001001110000
218812 = 110101011010111100
219912 = 110101101100001000
220022 = 110101101101110110
221122 = 110101111111000010
222222 = 110110010000001110
223322 = 110110100001011010
224422 = 110110110010100110
225522 = 110111000011110010
226622 = 110111010100111110
227722 = 110111100110001010
228822 = 110111110111010110
229922 = 111000001000100010
230032 = 111000001010010000
231132 = 111000011011011100
232232 = 111000101100101000
233332 = 111000111101110100
234432 = 111001001111000000
235532 = 111001100000001100
236632 = 111001110001011000
237732 = 111010000010100100
238832 = 111010010011110000
239932 = 111010100100111100
240042 = 111010100110101010
241142 = 111010110111110110
242242 = 111011001001000010
243342 = 111011011010001110
244442 = 111011101011011010
245542 = 111011111100100110
246642 = 111100001101110010
247742 = 111100011110111110
248842 = 111100110000001010
249942 = 111101000001010110
250052 = 111101000011000100
251152 = 111101010100010000
252252 = 111101100101011100
253352 = 111101110110101000
254452 = 111110000111110100
255552 = 111110011001000000
256652 = 111110101010001100
257752 = 111110111011011000
258852 = 111111001100100100
259952 = 111111011101110000
260062 = 111111011111011110
261162 = 111111110000101010
262262 = 1000000000001110110
263362 = 1000000010011000010
264462 = 1000000100100001110
265562 = 1000000110101011010
266662 = 1000001000110100110
267762 = 1000001010111110010
268862 = 1000001101000111110
269962 = 1000001111010001010
270072 = 1000001111011111000
271172 = 1000010001101000100
272272 = 1000010011110010000
273372 = 1000010101111011100
274472 = 1000011000000101000
275572 = 1000011010001110100
276672 = 1000011100011000000
277772 = 1000011110100001100
278872 = 1000100000101011000
279972 = 1000100010110100100
280082 = 1000100011000010010
281182 = 1000100101001011110
282282 = 1000100111010101010
283382 = 1000101001011110110
284482 = 1000101011101000010
285582 = 1000101101110001110
286682 = 1000101111111011010
287782 = 1000110010000100110
288882 = 1000110100001110010
289982 = 1000110110010111110
290092 = 1000110110100101100
291192 = 1000111000101111000
292292 = 1000111010111000100
293392 = 1000111101000010000
294492 = 1000111111001011100
295592 = 1001000001010101000
296692 = 1001000011011110100
297792 = 1001000101101000000
298892 = 1001000111110001100
299992 = 1001001001111011000
300003 = 1001001001111100011
301103 = 1001001100000101111
302203 = 1001001110001111011
303303 = 1001010000011000111
304403 = 1001010010100010011
305503 = 1001010100101011111
306603 = 1001010110110101011
307703 = 1001011000111110111
308803 = 1001011011001000011
309903 = 1001011101010001111
310013 = 1001011101011111101
311113 = 1001011111101001001
312213 = 1001100001110010101
313313 = 1001100011111100001
314413 = 1001100110000101101
315513 = 1001101000001111001
316613 = 1001101010011000101
317713 = 1001101100100010001
318813 = 1001101110101011101
319913 = 1001110000110101001
320023 = 1001110001000010111
321123 = 1001110011001100011
322223 = 1001110101010101111
323323 = 1001110111011111011
324423 = 1001111001101000111
325523 = 1001111011110010011
326623 = 1001111101111011111
327723 = 1010000000000101011
328823 = 1010000010001110111
329923 = 1010000100011000011
330033 = 1010000100100110001
331133 = 1010000110101111101
332233 = 1010001000111001001
333333 = 1010001011000010101
334433 = 1010001101001100001
335533 = 1010001111010101101
336633 = 1010010001011111001
337733 = 1010010011101000101
338833 = 1010010101110010001
339933 = 1010010111111011101
340043 = 1010011000001001011
341143 = 1010011010010010111
342243 = 1010011100011100011
343343 = 1010011110100101111
344443 = 1010100000101111011
345543 = 1010100010111000111
346643 = 1010100101000010011
347743 = 1010100111001011111
348843 = 1010101001010101011
349943 = 1010101011011110111
350053 = 1010101011101100101
351153 = 1010101101110110001
352253 = 1010101111111111101
353353 = 1010110010001001001
354453 = 1010110100010010101
355553 = 1010110110011100001
356653 = 1010111000100101101
357753 = 1010111010101111001
358853 = 1010111100111000101
359953 = 1010111111000010001
360063 = 1010111111001111111
361163 = 1011000001011001011
362263 = 1011000011100010111
363363 = 1011000101101100011
364463 = 1011000111110101111
365563 = 1011001001111111011
366663 = 1011001100001000111
367763 = 1011001110010010011
368863 = 1011010000011011111
369963 = 1011010010100101011
370073 = 1011010010110011001
371173 = 1011010100111100101
372273 = 1011010111000110001
373373 = 1011011001001111101
374473 = 1011011011011001001
375573 = 1011011101100010101
376673 = 1011011111101100001
377773 = 1011100001110101101
378873 = 1011100011111111001
379973 = 1011100110001000101
380083 = 1011100110010110011
381183 = 1011101000011111111
382283 = 1011101010101001011
383383 = 1011101100110010111
384483 = 1011101110111100011
385583 = 1011110001000101111
386683 = 1011110011001111011
387783 = 1011110101011000111
388883 = 1011110111100010011
389983 = 1011111001101011111
390093 = 1011111001111001101
391193 = 1011111100000011001
392293 = 1011111110001100101
393393 = 1100000000010110001
394493 = 1100000010011111101
395593 = 1100000100101001001
396693 = 1100000110110010101
397793 = 1100001000111100001
398893 = 1100001011000101101
399993 = 1100001101001111001
400004 = 1100001101010000100
401104 = 1100001111011010000
402204 = 1100010001100011100
403304 = 1100010011101101000
404404 = 1100010101110110100
405504 = 1100011000000000000
406604 = 1100011010001001100
407704 = 1100011100010011000
408804 = 1100011110011100100
409904 = 1100100000100110000
410014 = 1100100000110011110
411114 = 1100100010111101010
412214 = 1100100101000110110
413314 = 1100100111010000010
414414 = 1100101001011001110
415514 = 1100101011100011010
416614 = 1100101101101100110
417714 = 1100101111110110010
418814 = 1100110001111111110
419914 = 1100110100001001010
420024 = 1100110100010111000
421124 = 1100110110100000100
422224 = 1100111000101010000
423324 = 1100111010110011100
424424 = 1100111100111101000
425524 = 1100111111000110100
426624 = 1101000001010000000
427724 = 1101000011011001100
428824 = 1101000101100011000
429924 = 1101000111101100100
430034 = 1101000111111010010
431134 = 1101001010000011110
432234 = 1101001100001101010
433334 = 1101001110010110110
434434 = 1101010000100000010
435534 = 1101010010101001110
436634 = 1101010100110011010
437734 = 1101010110111100110
438834 = 1101011001000110010
439934 = 1101011011001111110
440044 = 1101011011011101100
441144 = 1101011101100111000
442244 = 1101011111110000100
443344 = 1101100001111010000
444444 = 1101100100000011100
445544 = 1101100110001101000
446644 = 1101101000010110100
447744 = 1101101010100000000
448844 = 1101101100101001100
449944 = 1101101110110011000
450054 = 1101101111000000110
451154 = 1101110001001010010
452254 = 1101110011010011110
453354 = 1101110101011101010
454454 = 1101110111100110110
455554 = 1101111001110000010
456654 = 1101111011111001110
457754 = 1101111110000011010
458854 = 1110000000001100110
459954 = 1110000010010110010
460064 = 1110000010100100000
461164 = 1110000100101101100
462264 = 1110000110110111000
463364 = 1110001001000000100
464464 = 1110001011001010000
465564 = 1110001101010011100
466664 = 1110001111011101000
467764 = 1110010001100110100
468864 = 1110010011110000000
469964 = 1110010101111001100
470074 = 1110010110000111010
471174 = 1110011000010000110
472274 = 1110011010011010010
473374 = 1110011100100011110
474474 = 1110011110101101010
475574 = 1110100000110110110
476674 = 1110100011000000010
477774 = 1110100101001001110
478874 = 1110100111010011010
479974 = 1110101001011100110
480084 = 1110101001101010100
481184 = 1110101011110100000
482284 = 1110101101111101100
483384 = 1110110000000111000
484484 = 1110110010010000100
485584 = 1110110100011010000
486684 = 1110110110100011100
487784 = 1110111000101101000
488884 = 1110111010110110100
489984 = 1110111101000000000
490094 = 1110111101001101110
491194 = 1110111111010111010
492294 = 1111000001100000110
493394 = 1111000011101010010
494494 = 1111000101110011110
495594 = 1111000111111101010
496694 = 1111001010000110110
497794 = 1111001100010000010
498894 = 1111001110011001110
499994 = 1111010000100011010
500005 = 1111010000100100101
501105 = 1111010010101110001
502205 = 1111010100110111101
503305 = 1111010111000001001
504405 = 1111011001001010101
505505 = 1111011011010100001
506605 = 1111011101011101101
507705 = 1111011111100111001
508805 = 1111100001110000101
509905 = 1111100011111010001
510015 = 1111100100000111111
511115 = 1111100110010001011
512215 = 1111101000011010111
513315 = 1111101010100100011
514415 = 1111101100101101111
515515 = 1111101110110111011
516615 = 1111110001000000111
517715 = 1111110011001010011
518815 = 1111110101010011111
519915 = 1111110111011101011
520025 = 1111110111101011001
521125 = 1111111001110100101
522225 = 1111111011111110001
523325 = 1111111110000111101
524425 = 10000000000010001001
525525 = 10000000010011010101
526625 = 10000000100100100001
527725 = 10000000110101101101
528825 = 10000001000110111001
529925 = 10000001011000000101
530035 = 10000001011001110011
531135 = 10000001101010111111
532235 = 10000001111100001011
533335 = 10000010001101010111
534435 = 10000010011110100011
535535 = 10000010101111101111
536635 = 10000011000000111011
537735 = 10000011010010000111
538835 = 10000011100011010011
539935 = 10000011110100011111
540045 = 10000011110110001101
541145 = 10000100000111011001
542245 = 10000100011000100101
543345 = 10000100101001110001
544445 = 10000100111010111101
545545 = 10000101001100001001
546645 = 10000101011101010101
547745 = 10000101101110100001
548845 = 10000101111111101101
549945 = 10000110010000111001
550055 = 10000110010010100111
551155 = 10000110100011110011
552255 = 10000110110100111111
553355 = 10000111000110001011
554455 = 10000111010111010111
555555 = 10000111101000100011
556655 = 10000111111001101111
557755 = 10001000001010111011
558855 = 10001000011100000111
559955 = 10001000101101010011
560065 = 10001000101111000001
561165 = 10001001000000001101
562265 = 10001001010001011001
563365 = 10001001100010100101
564465 = 10001001110011110001
565565 = 10001010000100111101
566665 = 10001010010110001001
567765 = 10001010100111010101
568865 = 10001010111000100001
569965 = 10001011001001101101
570075 = 10001011001011011011
571175 = 10001011011100100111
572275 = 10001011101101110011
573375 = 10001011111110111111
574475 = 10001100010000001011
575575 = 10001100100001010111
576675 = 10001100110010100011
577775 = 10001101000011101111
578875 = 10001101010100111011
579975 = 10001101100110000111
580085 = 10001101100111110101
581185 = 10001101111001000001
582285 = 10001110001010001101
583385 = 10001110011011011001
584485 = 10001110101100100101
585585 = 10001110111101110001
586685 = 10001111001110111101
587785 = 10001111100000001001
588885 = 10001111110001010101
589985 = 10010000000010100001
590095 = 10010000000100001111
591195 = 10010000010101011011
592295 = 10010000100110100111
593395 = 10010000110111110011
594495 = 10010001001000111111
595595 = 10010001011010001011
596695 = 10010001101011010111
597795 = 10010001111100100011
598895 = 10010010001101101111
599995 = 10010010011110111011
600006 = 10010010011111000110
601106 = 10010010110000010010
602206 = 10010011000001011110
603306 = 10010011010010101010
604406 = 10010011100011110110
605506 = 10010011110101000010
606606 = 10010100000110001110
607706 = 10010100010111011010
608806 = 10010100101000100110
609906 = 10010100111001110010
610016 = 10010100111011100000
611116 = 10010101001100101100
612216 = 10010101011101111000
613316 = 10010101101111000100
614416 = 10010110000000010000
615516 = 10010110010001011100
616616 = 10010110100010101000
617716 = 10010110110011110100
618816 = 10010111000101000000
619916 = 10010111010110001100
620026 = 10010111010111111010
621126 = 10010111101001000110
622226 = 10010111111010010010
623326 = 10011000001011011110
624426 = 10011000011100101010
625526 = 10011000101101110110
626626 = 10011000111111000010
627726 = 10011001010000001110
628826 = 10011001100001011010
629926 = 10011001110010100110
630036 = 10011001110100010100
631136 = 10011010000101100000
632236 = 10011010010110101100
633336 = 10011010100111111000
634436 = 10011010111001000100
635536 = 10011011001010010000
636636 = 10011011011011011100
637736 = 10011011101100101000
638836 = 10011011111101110100
639936 = 10011100001111000000
640046 = 10011100010000101110
641146 = 10011100100001111010
642246 = 10011100110011000110
643346 = 10011101000100010010
644446 = 10011101010101011110
645546 = 10011101100110101010
646646 = 10011101110111110110
647746 = 10011110001001000010
648846 = 10011110011010001110
649946 = 10011110101011011010
650056 = 10011110101101001000
651156 = 10011110111110010100
652256 = 10011111001111100000
653356 = 10011111100000101100
654456 = 10011111110001111000
655556 = 10100000000011000100
656656 = 10100000010100010000
657756 = 10100000100101011100
658856 = 10100000110110101000
659956 = 10100001000111110100
660066 = 10100001001001100010
661166 = 10100001011010101110
662266 = 10100001101011111010
663366 = 10100001111101000110
664466 = 10100010001110010010
665566 = 10100010011111011110
666666 = 10100010110000101010
667766 = 10100011000001110110
668866 = 10100011010011000010
669966 = 10100011100100001110
670076 = 10100011100101111100
671176 = 10100011110111001000
672276 = 10100100001000010100
673376 = 10100100011001100000
674476 = 10100100101010101100
675576 = 10100100111011111000
676676 = 10100101001101000100
677776 = 10100101011110010000
678876 = 10100101101111011100
679976 = 10100110000000101000
680086 = 10100110000010010110
681186 = 10100110010011100010
682286 = 10100110100100101110
683386 = 10100110110101111010
684486 = 10100111000111000110
685586 = 10100111011000010010
686686 = 10100111101001011110
687786 = 10100111111010101010
688886 = 10101000001011110110
689986 = 10101000011101000010
690096 = 10101000011110110000
691196 = 10101000101111111100
692296 = 10101001000001001000
693396 = 10101001010010010100
694496 = 10101001100011100000
695596 = 10101001110100101100
696696 = 10101010000101111000
697796 = 10101010010111000100
698896 = 10101010101000010000
699996 = 10101010111001011100
700007 = 10101010111001100111
701107 = 10101011001010110011
702207 = 10101011011011111111
703307 = 10101011101101001011
704407 = 10101011111110010111
705507 = 10101100001111100011
706607 = 10101100100000101111
707707 = 10101100110001111011
708807 = 10101101000011000111
709907 = 10101101010100010011
710017 = 10101101010110000001
711117 = 10101101100111001101
712217 = 10101101111000011001
713317 = 10101110001001100101
714417 = 10101110011010110001
715517 = 10101110101011111101
716617 = 10101110111101001001
717717 = 10101111001110010101
718817 = 10101111011111100001
719917 = 10101111110000101101
720027 = 10101111110010011011
721127 = 10110000000011100111
722227 = 10110000010100110011
723327 = 10110000100101111111
724427 = 10110000110111001011
725527 = 10110001001000010111
726627 = 10110001011001100011
727727 = 10110001101010101111
728827 = 10110001111011111011
729927 = 10110010001101000111
730037 = 10110010001110110101
731137 = 10110010100000000001
732237 = 10110010110001001101
733337 = 10110011000010011001
734437 = 10110011010011100101
735537 = 10110011100100110001
736637 = 10110011110101111101
737737 = 10110100000111001001
738837 = 10110100011000010101
739937 = 10110100101001100001
740047 = 10110100101011001111
741147 = 10110100111100011011
742247 = 10110101001101100111
743347 = 10110101011110110011
744447 = 10110101101111111111
745547 = 10110110000001001011
746647 = 10110110010010010111
747747 = 10110110100011100011
748847 = 10110110110100101111
749947 = 10110111000101111011
750057 = 10110111000111101001
751157 = 10110111011000110101
752257 = 10110111101010000001
753357 = 10110111111011001101
754457 = 10111000001100011001
755557 = 10111000011101100101
756657 = 10111000101110110001
757757 = 10111000111111111101
758857 = 10111001010001001001
759957 = 10111001100010010101
760067 = 10111001100100000011
761167 = 10111001110101001111
762267 = 10111010000110011011
763367 = 10111010010111100111
764467 = 10111010101000110011
765567 = 10111010111001111111
766667 = 10111011001011001011
767767 = 10111011011100010111
768867 = 10111011101101100011
769967 = 10111011111110101111
770077 = 10111100000000011101
771177 = 10111100010001101001
772277 = 10111100100010110101
773377 = 10111100110100000001
774477 = 10111101000101001101
775577 = 10111101010110011001
776677 = 10111101100111100101
777777 = 10111101111000110001
778877 = 10111110001001111101
779977 = 10111110011011001001
780087 = 10111110011100110111
781187 = 10111110101110000011
782287 = 10111110111111001111
783387 = 10111111010000011011
784487 = 10111111100001100111
785587 = 10111111110010110011
786687 = 11000000000011111111
787787 = 11000000010101001011
788887 = 11000000100110010111
789987 = 11000000110111100011
790097 = 11000000111001010001
791197 = 11000001001010011101
792297 = 11000001011011101001
793397 = 11000001101100110101
794497 = 11000001111110000001
795597 = 11000010001111001101
796697 = 11000010100000011001
797797 = 11000010110001100101
798897 = 11000011000010110001
799997 = 11000011010011111101
800008 = 11000011010100001000
801108 = 11000011100101010100
802208 = 11000011110110100000
803308 = 11000100000111101100
804408 = 11000100011000111000
805508 = 11000100101010000100
806608 = 11000100111011010000
807708 = 11000101001100011100
808808 = 11000101011101101000
809908 = 11000101101110110100
810018 = 11000101110000100010
811118 = 11000110000001101110
812218 = 11000110010010111010
813318 = 11000110100100000110
814418 = 11000110110101010010
815518 = 11000111000110011110
816618 = 11000111010111101010
817718 = 11000111101000110110
818818 = 11000111111010000010
819918 = 11001000001011001110
820028 = 11001000001100111100
821128 = 11001000011110001000
822228 = 11001000101111010100
823328 = 11001001000000100000
824428 = 11001001010001101100
825528 = 11001001100010111000
826628 = 11001001110100000100
827728 = 11001010000101010000
828828 = 11001010010110011100
829928 = 11001010100111101000
830038 = 11001010101001010110
831138 = 11001010111010100010
832238 = 11001011001011101110
833338 = 11001011011100111010
834438 = 11001011101110000110
835538 = 11001011111111010010
836638 = 11001100010000011110
837738 = 11001100100001101010
838838 = 11001100110010110110
839938 = 11001101000100000010
840048 = 11001101000101110000
841148 = 11001101010110111100
842248 = 11001101101000001000
843348 = 11001101111001010100
844448 = 11001110001010100000
845548 = 11001110011011101100
846648 = 11001110101100111000
847748 = 11001110111110000100
848848 = 11001111001111010000
849948 = 11001111100000011100
850058 = 11001111100010001010
851158 = 11001111110011010110
852258 = 11010000000100100010
853358 = 11010000010101101110
854458 = 11010000100110111010
855558 = 11010000111000000110
856658 = 11010001001001010010
857758 = 11010001011010011110
858858 = 11010001101011101010
859958 = 11010001111100110110
860068 = 11010001111110100100
861168 = 11010010001111110000
862268 = 11010010100000111100
863368 = 11010010110010001000
864468 = 11010011000011010100
865568 = 11010011010100100000
866668 = 11010011100101101100
867768 = 11010011110110111000
868868 = 11010100001000000100
869968 = 11010100011001010000
870078 = 11010100011010111110
871178 = 11010100101100001010
872278 = 11010100111101010110
873378 = 11010101001110100010
874478 = 11010101011111101110
875578 = 11010101110000111010
876678 = 11010110000010000110
877778 = 11010110010011010010
878878 = 11010110100100011110
879978 = 11010110110101101010
880088 = 11010110110111011000
881188 = 11010111001000100100
882288 = 11010111011001110000
883388 = 11010111101010111100
884488 = 11010111111100001000
885588 = 11011000001101010100
886688 = 11011000011110100000
887788 = 11011000101111101100
888888 = 11011001000000111000
889988 = 11011001010010000100
890098 = 11011001010011110010
891198 = 11011001100100111110
892298 = 11011001110110001010
893398 = 11011010000111010110
894498 = 11011010011000100010
895598 = 11011010101001101110
896698 = 11011010111010111010
897798 = 11011011001100000110
898898 = 11011011011101010010
899998 = 11011011101110011110
900009 = 11011011101110101001
901109 = 11011011111111110101
902209 = 11011100010001000001
903309 = 11011100100010001101
904409 = 11011100110011011001
905509 = 11011101000100100101
906609 = 11011101010101110001
907709 = 11011101100110111101
908809 = 11011101111000001001
909909 = 11011110001001010101
910019 = 11011110001011000011
911119 = 11011110011100001111
912219 = 11011110101101011011
913319 = 11011110111110100111
914419 = 11011111001111110011
915519 = 11011111100000111111
916619 = 11011111110010001011
917719 = 11100000000011010111
918819 = 11100000010100100011
919919 = 11100000100101101111
920029 = 11100000100111011101
921129 = 11100000111000101001
922229 = 11100001001001110101
923329 = 11100001011011000001
924429 = 11100001101100001101
925529 = 11100001111101011001
926629 = 11100010001110100101
927729 = 11100010011111110001
928829 = 11100010110000111101
929929 = 11100011000010001001
930039 = 11100011000011110111
931139 = 11100011010101000011
932239 = 11100011100110001111
933339 = 11100011110111011011
934439 = 11100100001000100111
935539 = 11100100011001110011
936639 = 11100100101010111111
937739 = 11100100111100001011
938839 = 11100101001101010111
939939 = 11100101011110100011
940049 = 11100101100000010001
941149 = 11100101110001011101
942249 = 11100110000010101001
943349 = 11100110010011110101
944449 = 11100110100101000001
945549 = 11100110110110001101
946649 = 11100111000111011001
947749 = 11100111011000100101
948849 = 11100111101001110001
949949 = 11100111111010111101
950059 = 11100111111100101011
951159 = 11101000001101110111
952259 = 11101000011111000011
953359 = 11101000110000001111
954459 = 11101001000001011011
955559 = 11101001010010100111
956659 = 11101001100011110011
957759 = 11101001110100111111
958859 = 11101010000110001011
959959 = 11101010010111010111
960069 = 11101010011001000101
961169 = 11101010101010010001
962269 = 11101010111011011101
963369 = 11101011001100101001
964469 = 11101011011101110101
965569 = 11101011101111000001
966669 = 11101100000000001101
967769 = 11101100010001011001
968869 = 11101100100010100101
969969 = 11101100110011110001
970079 = 11101100110101011111
971179 = 11101101000110101011
972279 = 11101101010111110111
973379 = 11101101101001000011
974479 = 11101101111010001111
975579 = 11101110001011011011
976679 = 11101110011100100111
977779 = 11101110101101110011
978879 = 11101110111110111111
979979 = 11101111010000001011
980089 = 11101111010001111001
981189 = 11101111100011000101
982289 = 11101111110100010001
983389 = 11110000000101011101
984489 = 11110000010110101001
985589 = 11110000100111110101
986689 = 11110000111001000001
987789 = 11110001001010001101
988889 = 11110001011011011001
989989 = 11110001101100100101
990099 = 11110001101110010011
991199 = 11110001111111011111
992299 = 11110010010000101011
993399 = 11110010100001110111
994499 = 11110010110011000011
995599 = 11110011000100001111
996699 = 11110011010101011011
997799 = 11110011100110100111
998899 = 11110011110111110011
999999 = 11110100001000111111
